2023-06-27 11:43:31.486 [info] Log level: Info
2023-06-27 11:43:31.486 [info] Validating found git in: "git"
2023-06-27 11:43:31.486 [info] Using git "2.25.1" from "git"
2023-06-27 11:43:31.486 [info] > git rev-parse --show-toplevel [21ms]
2023-06-27 11:43:31.486 [info] fatal: not a git repository (or any of the parent directories): .git
2023-06-27 11:43:31.486 [info] > git rev-parse --show-toplevel [29ms]
2023-06-27 11:43:31.486 [info] fatal: not a git repository (or any of the parent directories): .git
2023-06-27 11:43:31.487 [info] > git rev-parse --show-toplevel [2ms]
2023-06-27 11:43:31.487 [info] fatal: not a git repository (or any of the parent directories): .git
2023-06-27 11:43:31.487 [info] > git rev-parse --show-toplevel [18ms]
2023-06-27 11:43:31.487 [info] fatal: not a git repository (or any of the parent directories): .git
2023-06-27 11:43:31.487 [info] > git rev-parse --show-toplevel [22ms]
2023-06-27 11:43:31.487 [info] fatal: not a git repository (or any of the parent directories): .git
2023-06-27 11:43:31.487 [info] > git rev-parse --show-toplevel [19ms]
2023-06-27 11:43:31.487 [info] fatal: not a git repository (or any of the parent directories): .git
2023-06-27 11:43:43.242 [info] > git rev-parse --show-toplevel [3ms]
2023-06-27 11:43:43.242 [info] fatal: not a git repository (or any of the parent directories): .git
2023-06-27 11:43:44.684 [info] > git rev-parse --show-toplevel [3ms]
2023-06-27 11:43:44.684 [info] fatal: not a git repository (or any of the parent directories): .git
2023-06-27 11:43:56.645 [info] > git rev-parse --show-toplevel [6ms]
2023-06-27 11:43:56.649 [info] fatal: not a git repository (or any of the parent directories): .git
2023-06-27 11:51:31.297 [info] > git rev-parse --show-toplevel [3ms]
2023-06-27 11:51:31.297 [info] fatal: not a git repository (or any of the parent directories): .git
2023-06-27 11:51:31.307 [info] > git rev-parse --show-toplevel [0ms]
2023-06-27 11:51:31.307 [info] fatal: not a git repository (or any of the parent directories): .git
2023-06-27 11:51:50.196 [info] > git rev-parse --show-toplevel [3ms]
2023-06-27 11:51:50.196 [info] fatal: not a git repository (or any of the parent directories): .git
2023-06-27 12:16:52.877 [info] > git rev-parse --show-toplevel [2ms]
2023-06-27 12:16:52.877 [info] fatal: not a git repository (or any of the parent directories): .git
2023-06-27 12:31:11.937 [info] > git rev-parse --show-toplevel [2ms]
2023-06-27 12:31:11.937 [info] fatal: not a git repository (or any of the parent directories): .git
2023-06-27 12:33:22.558 [info] > git rev-parse --show-toplevel [2ms]
2023-06-27 12:33:22.558 [info] fatal: not a git repository (or any of the parent directories): .git
2023-06-27 12:34:33.617 [info] > git rev-parse --show-toplevel [2ms]
2023-06-27 12:34:33.617 [info] fatal: not a git repository (or any of the parent directories): .git
2023-06-27 12:41:15.957 [info] > git rev-parse --show-toplevel [2ms]
2023-06-27 12:41:15.957 [info] fatal: not a git repository (or any of the parent directories): .git
2023-06-27 12:42:50.278 [info] > git rev-parse --show-toplevel [2ms]
2023-06-27 12:42:50.278 [info] fatal: not a git repository (or any of the parent directories): .git
2023-06-27 12:44:28.798 [info] > git rev-parse --show-toplevel [3ms]
2023-06-27 12:44:28.798 [info] fatal: not a git repository (or any of the parent directories): .git
2023-06-27 12:46:07.156 [info] > git rev-parse --show-toplevel [1ms]
2023-06-27 12:46:07.156 [info] fatal: not a git repository (or any of the parent directories): .git
2023-06-27 12:48:22.357 [info] > git rev-parse --show-toplevel [1ms]
2023-06-27 12:48:22.357 [info] fatal: not a git repository (or any of the parent directories): .git
2023-06-27 13:07:22.601 [info] > git rev-parse --show-toplevel [1ms]
2023-06-27 13:07:22.601 [info] fatal: not a git repository (or any of the parent directories): .git
2023-06-27 13:09:37.276 [info] > git rev-parse --show-toplevel [2ms]
2023-06-27 13:09:37.276 [info] fatal: not a git repository (or any of the parent directories): .git
2023-06-27 13:12:25.717 [info] > git rev-parse --show-toplevel [1ms]
2023-06-27 13:12:25.717 [info] fatal: not a git repository (or any of the parent directories): .git
2023-06-27 13:13:00.722 [info] > git rev-parse --show-toplevel [4ms]
2023-06-27 13:13:00.722 [info] fatal: not a git repository (or any of the parent directories): .git
2023-06-27 13:13:03.128 [info] > git rev-parse --show-toplevel [1ms]
2023-06-27 13:13:03.128 [info] fatal: not a git repository (or any of the parent directories): .git
2023-06-27 13:13:05.840 [info] > git rev-parse --show-toplevel [3ms]
2023-06-27 13:13:05.840 [info] fatal: not a git repository (or any of the parent directories): .git
2023-06-27 13:13:19.780 [info] > git rev-parse --show-toplevel [3ms]
2023-06-27 13:13:19.780 [info] fatal: not a git repository (or any of the parent directories): .git
2023-06-27 13:18:11.308 [info] > git rev-parse --show-toplevel [3ms]
2023-06-27 13:18:11.309 [info] fatal: not a git repository (or any of the parent directories): .git
