2023-07-05 12:32:46.899 [info] Log level: Info
2023-07-05 12:32:46.899 [info] Validating found git in: "git"
2023-07-05 12:32:46.899 [info] Using git "2.25.1" from "git"
2023-07-05 12:32:46.899 [info] > git rev-parse --show-toplevel [11ms]
2023-07-05 12:32:46.899 [info] fatal: not a git repository (or any of the parent directories): .git
2023-07-05 12:32:46.899 [info] > git rev-parse --show-toplevel [4ms]
2023-07-05 12:32:46.899 [info] fatal: not a git repository (or any of the parent directories): .git
2023-07-05 12:32:46.899 [info] > git rev-parse --show-toplevel [2ms]
2023-07-05 12:32:46.899 [info] fatal: not a git repository (or any of the parent directories): .git
2023-07-05 12:32:46.899 [info] > git rev-parse --show-toplevel [2ms]
2023-07-05 12:32:46.899 [info] fatal: not a git repository (or any of the parent directories): .git
2023-07-05 12:32:46.899 [info] > git rev-parse --show-toplevel [4ms]
2023-07-05 12:32:46.899 [info] fatal: not a git repository (or any of the parent directories): .git
2023-07-05 12:32:46.899 [info] > git rev-parse --show-toplevel [1ms]
2023-07-05 12:32:46.899 [info] fatal: not a git repository (or any of the parent directories): .git
2023-07-05 12:32:46.899 [info] > git rev-parse --show-toplevel [1ms]
2023-07-05 12:32:46.899 [info] fatal: not a git repository (or any of the parent directories): .git
2023-07-05 12:32:46.899 [info] > git rev-parse --show-toplevel [1ms]
2023-07-05 12:32:46.899 [info] fatal: not a git repository (or any of the parent directories): .git
2023-07-05 12:32:50.712 [info] > git rev-parse --show-toplevel [9ms]
2023-07-05 12:32:50.713 [info] fatal: not a git repository (or any of the parent directories): .git
2023-07-05 13:26:05.831 [info] > git rev-parse --show-toplevel [11ms]
2023-07-05 13:26:05.831 [info] fatal: not a git repository (or any of the parent directories): .git
2023-07-05 13:27:22.972 [info] > git rev-parse --show-toplevel [3ms]
2023-07-05 13:27:22.972 [info] fatal: not a git repository (or any of the parent directories): .git
2023-07-05 13:27:27.467 [info] > git rev-parse --show-toplevel [3ms]
2023-07-05 13:27:27.467 [info] fatal: not a git repository (or any of the parent directories): .git
2023-07-05 13:28:17.168 [info] > git rev-parse --show-toplevel [2ms]
2023-07-05 13:28:17.168 [info] fatal: not a git repository (or any of the parent directories): .git
2023-07-05 13:28:19.527 [info] > git rev-parse --show-toplevel [3ms]
2023-07-05 13:28:19.527 [info] fatal: not a git repository (or any of the parent directories): .git
2023-07-05 13:33:41.836 [info] > git rev-parse --show-toplevel [1ms]
2023-07-05 13:33:41.836 [info] fatal: not a git repository (or any of the parent directories): .git
2023-07-05 13:34:21.313 [info] > git rev-parse --show-toplevel [2ms]
2023-07-05 13:34:21.313 [info] fatal: not a git repository (or any of the parent directories): .git
