2023-06-28 10:17:43.075 [info] Log level: Info
2023-06-28 10:17:43.075 [info] Validating found git in: "git"
2023-06-28 10:17:43.075 [info] Using git "2.25.1" from "git"
2023-06-28 10:17:43.075 [info] > git rev-parse --show-toplevel [22ms]
2023-06-28 10:17:43.075 [info] fatal: not a git repository (or any of the parent directories): .git
2023-06-28 10:17:43.075 [info] > git rev-parse --show-toplevel [4ms]
2023-06-28 10:17:43.075 [info] fatal: not a git repository (or any of the parent directories): .git
2023-06-28 10:17:43.075 [info] > git rev-parse --show-toplevel [6ms]
2023-06-28 10:17:43.075 [info] fatal: not a git repository (or any of the parent directories): .git
2023-06-28 10:17:43.075 [info] > git rev-parse --show-toplevel [2ms]
2023-06-28 10:17:43.075 [info] fatal: not a git repository (or any of the parent directories): .git
2023-06-28 10:17:43.075 [info] > git rev-parse --show-toplevel [13ms]
2023-06-28 10:17:43.075 [info] fatal: not a git repository (or any of the parent directories): .git
2023-06-28 10:17:43.075 [info] > git rev-parse --show-toplevel [2ms]
2023-06-28 10:17:43.075 [info] fatal: not a git repository (or any of the parent directories): .git
2023-06-28 10:17:58.112 [info] > git rev-parse --show-toplevel [2ms]
2023-06-28 10:17:58.112 [info] fatal: not a git repository (or any of the parent directories): .git
2023-06-28 10:18:07.198 [info] > git rev-parse --show-toplevel [1ms]
2023-06-28 10:18:07.198 [info] fatal: not a git repository (or any of the parent directories): .git
2023-06-28 10:18:08.631 [info] > git rev-parse --show-toplevel [2ms]
2023-06-28 10:18:08.632 [info] fatal: not a git repository (or any of the parent directories): .git
2023-06-28 10:18:13.991 [info] > git rev-parse --show-toplevel [17ms]
2023-06-28 10:18:13.992 [info] fatal: not a git repository (or any of the parent directories): .git
2023-06-28 10:18:14.002 [info] > git rev-parse --show-toplevel [2ms]
2023-06-28 10:18:14.002 [info] fatal: not a git repository (or any of the parent directories): .git
2023-06-28 10:18:15.169 [info] > git rev-parse --show-toplevel [1ms]
2023-06-28 10:18:15.169 [info] fatal: not a git repository (or any of the parent directories): .git
2023-06-28 10:18:15.987 [info] > git rev-parse --show-toplevel [4ms]
2023-06-28 10:18:15.987 [info] fatal: not a git repository (or any of the parent directories): .git
2023-06-28 10:18:16.191 [info] > git rev-parse --show-toplevel [1ms]
2023-06-28 10:18:16.192 [info] fatal: not a git repository (or any of the parent directories): .git
2023-06-28 10:18:16.214 [info] > git rev-parse --show-toplevel [1ms]
2023-06-28 10:18:16.215 [info] fatal: not a git repository (or any of the parent directories): .git
2023-06-28 10:18:16.220 [info] > git rev-parse --show-toplevel [1ms]
2023-06-28 10:18:16.220 [info] fatal: not a git repository (or any of the parent directories): .git
2023-06-28 10:18:16.594 [info] > git rev-parse --show-toplevel [2ms]
2023-06-28 10:18:16.594 [info] fatal: not a git repository (or any of the parent directories): .git
2023-06-28 10:18:16.630 [info] > git rev-parse --show-toplevel [3ms]
2023-06-28 10:18:16.630 [info] fatal: not a git repository (or any of the parent directories): .git
2023-06-28 10:18:16.636 [info] > git rev-parse --show-toplevel [1ms]
2023-06-28 10:18:16.636 [info] fatal: not a git repository (or any of the parent directories): .git
2023-06-28 10:18:16.651 [info] > git rev-parse --show-toplevel [1ms]
2023-06-28 10:18:16.651 [info] fatal: not a git repository (or any of the parent directories): .git
2023-06-28 10:18:16.756 [info] > git rev-parse --show-toplevel [2ms]
2023-06-28 10:18:16.756 [info] fatal: not a git repository (or any of the parent directories): .git
2023-06-28 10:18:16.777 [info] > git rev-parse --show-toplevel [2ms]
2023-06-28 10:18:16.777 [info] fatal: not a git repository (or any of the parent directories): .git
2023-06-28 10:18:16.784 [info] > git rev-parse --show-toplevel [1ms]
2023-06-28 10:18:16.785 [info] fatal: not a git repository (or any of the parent directories): .git
2023-06-28 10:18:37.045 [info] > git rev-parse --show-toplevel [2ms]
2023-06-28 10:18:37.046 [info] fatal: not a git repository (or any of the parent directories): .git
2023-06-28 10:24:18.691 [info] > git rev-parse --show-toplevel [6ms]
2023-06-28 10:24:18.692 [info] fatal: not a git repository (or any of the parent directories): .git
2023-06-28 10:24:21.470 [info] > git rev-parse --show-toplevel [3ms]
2023-06-28 10:24:21.470 [info] fatal: not a git repository (or any of the parent directories): .git
2023-06-28 10:24:25.305 [info] > git rev-parse --show-toplevel [1ms]
2023-06-28 10:24:25.305 [info] fatal: not a git repository (or any of the parent directories): .git
2023-06-28 10:29:29.463 [info] > git rev-parse --show-toplevel [3ms]
2023-06-28 10:29:29.463 [info] fatal: not a git repository (or any of the parent directories): .git
2023-06-28 10:29:31.269 [info] > git rev-parse --show-toplevel [2ms]
2023-06-28 10:29:31.269 [info] fatal: not a git repository (or any of the parent directories): .git
2023-06-28 10:29:56.605 [info] > git rev-parse --show-toplevel [3ms]
2023-06-28 10:29:56.605 [info] fatal: not a git repository (or any of the parent directories): .git
2023-06-28 10:34:53.137 [info] > git rev-parse --show-toplevel [4ms]
2023-06-28 10:34:53.137 [info] fatal: not a git repository (or any of the parent directories): .git
2023-06-28 10:35:02.984 [info] > git rev-parse --show-toplevel [3ms]
2023-06-28 10:35:02.984 [info] fatal: not a git repository (or any of the parent directories): .git
2023-06-28 10:35:09.515 [info] > git rev-parse --show-toplevel [2ms]
2023-06-28 10:35:09.515 [info] fatal: not a git repository (or any of the parent directories): .git
2023-06-28 10:35:16.414 [info] > git rev-parse --show-toplevel [3ms]
2023-06-28 10:35:16.414 [info] fatal: not a git repository (or any of the parent directories): .git
2023-06-28 10:35:23.333 [info] > git rev-parse --show-toplevel [1ms]
2023-06-28 10:35:23.333 [info] fatal: not a git repository (or any of the parent directories): .git
2023-06-28 10:35:27.195 [info] > git rev-parse --show-toplevel [2ms]
2023-06-28 10:35:27.195 [info] fatal: not a git repository (or any of the parent directories): .git
2023-06-28 10:35:30.807 [info] > git rev-parse --show-toplevel [2ms]
2023-06-28 10:35:30.807 [info] fatal: not a git repository (or any of the parent directories): .git
2023-06-28 10:35:37.844 [info] > git rev-parse --show-toplevel [3ms]
2023-06-28 10:35:37.844 [info] fatal: not a git repository (or any of the parent directories): .git
2023-06-28 10:35:56.545 [info] > git rev-parse --show-toplevel [3ms]
2023-06-28 10:35:56.545 [info] fatal: not a git repository (or any of the parent directories): .git
2023-06-28 10:36:04.495 [info] > git rev-parse --show-toplevel [2ms]
2023-06-28 10:36:04.495 [info] fatal: not a git repository (or any of the parent directories): .git
2023-06-28 10:36:31.007 [info] > git rev-parse --show-toplevel [3ms]
2023-06-28 10:36:31.007 [info] fatal: not a git repository (or any of the parent directories): .git
2023-06-28 10:36:32.695 [info] > git rev-parse --show-toplevel [1ms]
2023-06-28 10:36:32.695 [info] fatal: not a git repository (or any of the parent directories): .git
2023-06-28 10:36:38.644 [info] > git rev-parse --show-toplevel [2ms]
2023-06-28 10:36:38.644 [info] fatal: not a git repository (or any of the parent directories): .git
2023-06-28 10:36:57.692 [info] > git rev-parse --show-toplevel [1ms]
2023-06-28 10:36:57.693 [info] fatal: not a git repository (or any of the parent directories): .git
2023-06-28 10:37:05.456 [info] > git rev-parse --show-toplevel [3ms]
2023-06-28 10:37:05.456 [info] fatal: not a git repository (or any of the parent directories): .git
2023-06-28 10:37:23.343 [info] > git rev-parse --show-toplevel [2ms]
2023-06-28 10:37:23.343 [info] fatal: not a git repository (or any of the parent directories): .git
2023-06-28 10:37:50.882 [info] > git rev-parse --show-toplevel [3ms]
2023-06-28 10:37:50.882 [info] fatal: not a git repository (or any of the parent directories): .git
2023-06-28 10:38:31.463 [info] > git rev-parse --show-toplevel [3ms]
2023-06-28 10:38:31.463 [info] fatal: not a git repository (or any of the parent directories): .git
2023-06-28 10:39:01.709 [info] > git rev-parse --show-toplevel [3ms]
2023-06-28 10:39:01.709 [info] fatal: not a git repository (or any of the parent directories): .git
2023-06-28 10:39:21.886 [info] > git rev-parse --show-toplevel [6ms]
2023-06-28 10:39:21.887 [info] fatal: not a git repository (or any of the parent directories): .git
2023-06-28 10:39:28.661 [info] > git rev-parse --show-toplevel [3ms]
2023-06-28 10:39:28.661 [info] fatal: not a git repository (or any of the parent directories): .git
2023-06-28 10:40:07.520 [info] > git rev-parse --show-toplevel [1ms]
2023-06-28 10:40:07.520 [info] fatal: not a git repository (or any of the parent directories): .git
2023-06-28 10:41:42.582 [info] > git rev-parse --show-toplevel [2ms]
2023-06-28 10:41:42.582 [info] fatal: not a git repository (or any of the parent directories): .git
2023-06-28 10:42:53.382 [info] > git rev-parse --show-toplevel [3ms]
2023-06-28 10:42:53.383 [info] fatal: not a git repository (or any of the parent directories): .git
2023-06-28 10:43:33.965 [info] > git rev-parse --show-toplevel [1ms]
2023-06-28 10:43:33.965 [info] fatal: not a git repository (or any of the parent directories): .git
2023-06-28 10:43:56.792 [info] > git rev-parse --show-toplevel [3ms]
2023-06-28 10:43:56.792 [info] fatal: not a git repository (or any of the parent directories): .git
2023-06-28 10:44:06.480 [info] > git rev-parse --show-toplevel [1ms]
2023-06-28 10:44:06.480 [info] fatal: not a git repository (or any of the parent directories): .git
2023-06-28 10:44:22.363 [info] > git rev-parse --show-toplevel [3ms]
2023-06-28 10:44:22.363 [info] fatal: not a git repository (or any of the parent directories): .git
2023-06-28 10:44:42.139 [info] > git rev-parse --show-toplevel [2ms]
2023-06-28 10:44:42.139 [info] fatal: not a git repository (or any of the parent directories): .git
2023-06-28 10:44:46.564 [info] > git rev-parse --show-toplevel [4ms]
2023-06-28 10:44:46.564 [info] fatal: not a git repository (or any of the parent directories): .git
2023-06-28 10:45:44.106 [info] > git rev-parse --show-toplevel [3ms]
2023-06-28 10:45:44.107 [info] fatal: not a git repository (or any of the parent directories): .git
2023-06-28 10:46:20.964 [info] > git rev-parse --show-toplevel [3ms]
2023-06-28 10:46:20.964 [info] fatal: not a git repository (or any of the parent directories): .git
2023-06-28 10:49:26.551 [info] > git rev-parse --show-toplevel [2ms]
2023-06-28 10:49:26.551 [info] fatal: not a git repository (or any of the parent directories): .git
2023-06-28 10:52:22.413 [info] > git rev-parse --show-toplevel [3ms]
2023-06-28 10:52:22.413 [info] fatal: not a git repository (or any of the parent directories): .git
2023-06-28 10:52:24.092 [info] > git rev-parse --show-toplevel [3ms]
2023-06-28 10:52:24.092 [info] fatal: not a git repository (or any of the parent directories): .git
2023-06-28 10:52:50.654 [info] > git rev-parse --show-toplevel [3ms]
2023-06-28 10:52:50.654 [info] fatal: not a git repository (or any of the parent directories): .git
2023-06-28 10:53:04.352 [info] > git rev-parse --show-toplevel [4ms]
2023-06-28 10:53:04.352 [info] fatal: not a git repository (or any of the parent directories): .git
2023-06-28 10:53:14.031 [info] > git rev-parse --show-toplevel [2ms]
2023-06-28 10:53:14.032 [info] fatal: not a git repository (or any of the parent directories): .git
2023-06-28 10:53:38.794 [info] > git rev-parse --show-toplevel [3ms]
2023-06-28 10:53:38.794 [info] fatal: not a git repository (or any of the parent directories): .git
2023-06-28 10:54:43.774 [info] > git rev-parse --show-toplevel [2ms]
2023-06-28 10:54:43.774 [info] fatal: not a git repository (or any of the parent directories): .git
2023-06-28 10:54:55.071 [info] > git rev-parse --show-toplevel [3ms]
2023-06-28 10:54:55.071 [info] fatal: not a git repository (or any of the parent directories): .git
2023-06-28 10:54:58.732 [info] > git rev-parse --show-toplevel [2ms]
2023-06-28 10:54:58.732 [info] fatal: not a git repository (or any of the parent directories): .git
2023-06-28 10:55:04.774 [info] > git rev-parse --show-toplevel [2ms]
2023-06-28 10:55:04.774 [info] fatal: not a git repository (or any of the parent directories): .git
2023-06-28 10:56:54.719 [info] > git rev-parse --show-toplevel [4ms]
2023-06-28 10:56:54.719 [info] fatal: not a git repository (or any of the parent directories): .git
2023-06-28 10:57:46.585 [info] > git rev-parse --show-toplevel [3ms]
2023-06-28 10:57:46.586 [info] fatal: not a git repository (or any of the parent directories): .git
2023-06-28 11:03:28.083 [info] > git rev-parse --show-toplevel [3ms]
2023-06-28 11:03:28.083 [info] fatal: not a git repository (or any of the parent directories): .git
2023-06-28 11:04:27.299 [info] > git rev-parse --show-toplevel [1ms]
2023-06-28 11:04:27.299 [info] fatal: not a git repository (or any of the parent directories): .git
2023-06-28 11:04:29.009 [info] > git rev-parse --show-toplevel [2ms]
2023-06-28 11:04:29.009 [info] fatal: not a git repository (or any of the parent directories): .git
2023-06-28 11:04:34.167 [info] > git rev-parse --show-toplevel [11ms]
2023-06-28 11:04:34.167 [info] fatal: not a git repository (or any of the parent directories): .git
2023-06-28 11:04:54.539 [info] > git rev-parse --show-toplevel [2ms]
2023-06-28 11:04:54.539 [info] fatal: not a git repository (or any of the parent directories): .git
2023-06-28 11:05:06.858 [info] > git rev-parse --show-toplevel [1ms]
2023-06-28 11:05:06.858 [info] fatal: not a git repository (or any of the parent directories): .git
2023-06-28 11:05:12.998 [info] > git rev-parse --show-toplevel [3ms]
2023-06-28 11:05:12.998 [info] fatal: not a git repository (or any of the parent directories): .git
2023-06-28 11:10:22.165 [info] > git rev-parse --show-toplevel [1ms]
2023-06-28 11:10:22.165 [info] fatal: not a git repository (or any of the parent directories): .git
2023-06-28 11:16:35.430 [info] > git rev-parse --show-toplevel [1ms]
2023-06-28 11:16:35.430 [info] fatal: not a git repository (or any of the parent directories): .git
2023-06-28 11:33:21.868 [info] > git rev-parse --show-toplevel [3ms]
2023-06-28 11:33:21.868 [info] fatal: not a git repository (or any of the parent directories): .git
2023-06-28 11:33:23.864 [info] > git rev-parse --show-toplevel [1ms]
2023-06-28 11:33:23.864 [info] fatal: not a git repository (or any of the parent directories): .git
2023-06-28 11:33:53.424 [info] > git rev-parse --show-toplevel [4ms]
2023-06-28 11:33:53.424 [info] fatal: not a git repository (or any of the parent directories): .git
2023-06-28 11:33:56.224 [info] > git rev-parse --show-toplevel [1ms]
2023-06-28 11:33:56.224 [info] fatal: not a git repository (or any of the parent directories): .git
2023-06-28 11:35:20.608 [info] > git rev-parse --show-toplevel [3ms]
2023-06-28 11:35:20.608 [info] fatal: not a git repository (or any of the parent directories): .git
2023-06-28 11:35:22.402 [info] > git rev-parse --show-toplevel [2ms]
2023-06-28 11:35:22.402 [info] fatal: not a git repository (or any of the parent directories): .git
2023-06-28 11:44:39.059 [info] > git rev-parse --show-toplevel [2ms]
2023-06-28 11:44:39.059 [info] fatal: not a git repository (or any of the parent directories): .git
2023-06-28 11:45:12.635 [info] > git rev-parse --show-toplevel [1ms]
2023-06-28 11:45:12.635 [info] fatal: not a git repository (or any of the parent directories): .git
2023-06-28 11:46:16.449 [info] > git rev-parse --show-toplevel [1ms]
2023-06-28 11:46:16.449 [info] fatal: not a git repository (or any of the parent directories): .git
2023-06-28 11:46:39.009 [info] > git rev-parse --show-toplevel [1ms]
2023-06-28 11:46:39.009 [info] fatal: not a git repository (or any of the parent directories): .git
2023-06-28 11:46:41.528 [info] > git rev-parse --show-toplevel [2ms]
2023-06-28 11:46:41.528 [info] fatal: not a git repository (or any of the parent directories): .git
2023-06-28 11:46:48.228 [info] > git rev-parse --show-toplevel [2ms]
2023-06-28 11:46:48.228 [info] fatal: not a git repository (or any of the parent directories): .git
2023-06-28 11:49:52.411 [info] > git rev-parse --show-toplevel [2ms]
2023-06-28 11:49:52.411 [info] fatal: not a git repository (or any of the parent directories): .git
