2023-06-28 12:31:36.427 [info] Log level: Info
2023-06-28 12:31:36.427 [info] Validating found git in: "git"
2023-06-28 12:31:36.427 [info] Using git "2.25.1" from "git"
2023-06-28 12:31:36.427 [info] > git rev-parse --show-toplevel [5ms]
2023-06-28 12:31:36.427 [info] fatal: not a git repository (or any of the parent directories): .git
2023-06-28 12:31:36.427 [info] > git rev-parse --show-toplevel [2ms]
2023-06-28 12:31:36.427 [info] fatal: not a git repository (or any of the parent directories): .git
2023-06-28 12:31:36.427 [info] > git rev-parse --show-toplevel [1ms]
2023-06-28 12:31:36.427 [info] fatal: not a git repository (or any of the parent directories): .git
2023-06-28 12:31:36.427 [info] > git rev-parse --show-toplevel [8ms]
2023-06-28 12:31:36.427 [info] fatal: not a git repository (or any of the parent directories): .git
2023-06-28 12:31:36.427 [info] > git rev-parse --show-toplevel [1ms]
2023-06-28 12:31:36.427 [info] fatal: not a git repository (or any of the parent directories): .git
2023-06-28 12:31:36.427 [info] > git rev-parse --show-toplevel [0ms]
2023-06-28 12:31:36.427 [info] fatal: not a git repository (or any of the parent directories): .git
2023-06-28 12:31:36.427 [info] > git rev-parse --show-toplevel [1ms]
2023-06-28 12:31:36.427 [info] fatal: not a git repository (or any of the parent directories): .git
2023-06-28 12:31:36.427 [info] > git rev-parse --show-toplevel [3ms]
2023-06-28 12:31:36.427 [info] fatal: not a git repository (or any of the parent directories): .git
2023-06-28 12:31:36.427 [info] > git rev-parse --show-toplevel [2ms]
2023-06-28 12:31:36.427 [info] fatal: not a git repository (or any of the parent directories): .git
2023-06-28 12:31:36.427 [info] > git rev-parse --show-toplevel [2ms]
2023-06-28 12:31:36.427 [info] fatal: not a git repository (or any of the parent directories): .git
2023-06-28 12:31:36.427 [info] > git rev-parse --show-toplevel [35ms]
2023-06-28 12:31:36.427 [info] fatal: not a git repository (or any of the parent directories): .git
2023-06-28 12:32:12.788 [info] > git rev-parse --show-toplevel [50ms]
2023-06-28 12:32:12.788 [info] fatal: not a git repository (or any of the parent directories): .git
2023-06-28 12:32:26.438 [info] > git rev-parse --show-toplevel [1ms]
2023-06-28 12:32:26.438 [info] fatal: not a git repository (or any of the parent directories): .git
2023-06-28 12:32:26.444 [info] > git rev-parse --show-toplevel [1ms]
2023-06-28 12:32:26.444 [info] fatal: not a git repository (or any of the parent directories): .git
2023-06-28 12:36:46.643 [info] > git rev-parse --show-toplevel [1ms]
2023-06-28 12:36:46.643 [info] fatal: not a git repository (or any of the parent directories): .git
2023-06-28 12:41:12.439 [info] > git rev-parse --show-toplevel [1ms]
2023-06-28 12:41:12.439 [info] fatal: not a git repository (or any of the parent directories): .git
2023-06-28 12:49:02.659 [info] > git rev-parse --show-toplevel [2ms]
2023-06-28 12:49:02.659 [info] fatal: not a git repository (or any of the parent directories): .git
2023-06-28 12:50:56.551 [info] > git rev-parse --show-toplevel [1ms]
2023-06-28 12:50:56.551 [info] fatal: not a git repository (or any of the parent directories): .git
2023-06-28 12:51:35.825 [info] > git rev-parse --show-toplevel [3ms]
2023-06-28 12:51:35.825 [info] fatal: not a git repository (or any of the parent directories): .git
2023-06-28 12:55:36.014 [info] > git rev-parse --show-toplevel [2ms]
2023-06-28 12:55:36.014 [info] fatal: not a git repository (or any of the parent directories): .git
2023-06-28 12:58:32.616 [info] > git rev-parse --show-toplevel [3ms]
2023-06-28 12:58:32.616 [info] fatal: not a git repository (or any of the parent directories): .git
2023-06-28 12:58:40.156 [info] > git rev-parse --show-toplevel [2ms]
2023-06-28 12:58:40.156 [info] fatal: not a git repository (or any of the parent directories): .git
2023-06-28 12:58:45.296 [info] > git rev-parse --show-toplevel [2ms]
2023-06-28 12:58:45.296 [info] fatal: not a git repository (or any of the parent directories): .git
2023-06-28 12:58:50.095 [info] > git rev-parse --show-toplevel [3ms]
2023-06-28 12:58:50.095 [info] fatal: not a git repository (or any of the parent directories): .git
2023-06-28 12:58:53.217 [info] > git rev-parse --show-toplevel [2ms]
2023-06-28 12:58:53.217 [info] fatal: not a git repository (or any of the parent directories): .git
2023-06-28 12:58:57.496 [info] > git rev-parse --show-toplevel [2ms]
2023-06-28 12:58:57.496 [info] fatal: not a git repository (or any of the parent directories): .git
2023-06-28 12:59:01.716 [info] > git rev-parse --show-toplevel [3ms]
2023-06-28 12:59:01.716 [info] fatal: not a git repository (or any of the parent directories): .git
2023-06-28 12:59:07.135 [info] > git rev-parse --show-toplevel [2ms]
2023-06-28 12:59:07.135 [info] fatal: not a git repository (or any of the parent directories): .git
2023-06-28 13:00:58.707 [info] > git rev-parse --show-toplevel [3ms]
2023-06-28 13:00:58.707 [info] fatal: not a git repository (or any of the parent directories): .git
2023-06-28 13:05:10.812 [info] > git rev-parse --show-toplevel [1ms]
2023-06-28 13:05:10.812 [info] fatal: not a git repository (or any of the parent directories): .git
2023-06-28 13:05:48.955 [info] > git rev-parse --show-toplevel [2ms]
2023-06-28 13:05:48.955 [info] fatal: not a git repository (or any of the parent directories): .git
2023-06-28 13:06:06.942 [info] > git rev-parse --show-toplevel [2ms]
2023-06-28 13:06:06.942 [info] fatal: not a git repository (or any of the parent directories): .git
2023-06-28 14:32:47.372 [info] > git rev-parse --show-toplevel [1ms]
2023-06-28 14:32:47.372 [info] fatal: not a git repository (or any of the parent directories): .git
2023-06-28 14:32:48.338 [info] > git rev-parse --show-toplevel [8ms]
2023-06-28 14:32:48.338 [info] fatal: not a git repository (or any of the parent directories): .git
2023-06-28 14:40:56.935 [info] > git rev-parse --show-toplevel [3ms]
2023-06-28 14:40:56.935 [info] fatal: not a git repository (or any of the parent directories): .git
2023-06-28 14:41:34.440 [info] > git rev-parse --show-toplevel [2ms]
2023-06-28 14:41:34.440 [info] fatal: not a git repository (or any of the parent directories): .git
2023-06-28 15:10:46.416 [info] > git rev-parse --show-toplevel [1ms]
2023-06-28 15:10:46.416 [info] fatal: not a git repository (or any of the parent directories): .git
2023-06-28 15:10:46.514 [info] > git rev-parse --show-toplevel [3ms]
2023-06-28 15:10:46.514 [info] fatal: not a git repository (or any of the parent directories): .git
2023-06-28 15:39:27.547 [info] > git rev-parse --show-toplevel [3ms]
2023-06-28 15:39:27.547 [info] fatal: not a git repository (or any of the parent directories): .git
2023-06-28 15:39:37.143 [info] > git rev-parse --show-toplevel [3ms]
2023-06-28 15:39:37.143 [info] fatal: not a git repository (or any of the parent directories): .git
2023-06-28 15:40:29.374 [info] > git rev-parse --show-toplevel [3ms]
2023-06-28 15:40:29.374 [info] fatal: not a git repository (or any of the parent directories): .git
2023-06-28 16:17:23.306 [info] > git rev-parse --show-toplevel [14ms]
2023-06-28 16:17:23.306 [info] fatal: not a git repository (or any of the parent directories): .git
2023-06-28 16:17:23.316 [info] > git rev-parse --show-toplevel [5ms]
2023-06-28 16:17:23.316 [info] fatal: not a git repository (or any of the parent directories): .git
2023-06-28 16:17:26.302 [info] > git rev-parse --show-toplevel [2ms]
2023-06-28 16:17:26.302 [info] fatal: not a git repository (or any of the parent directories): .git
2023-06-28 16:18:45.782 [info] > git rev-parse --show-toplevel [2ms]
2023-06-28 16:18:45.782 [info] fatal: not a git repository (or any of the parent directories): .git
2023-06-28 16:18:58.861 [info] > git rev-parse --show-toplevel [2ms]
2023-06-28 16:18:58.861 [info] fatal: not a git repository (or any of the parent directories): .git
2023-06-28 16:20:07.846 [info] > git rev-parse --show-toplevel [2ms]
2023-06-28 16:20:07.846 [info] fatal: not a git repository (or any of the parent directories): .git
2023-06-28 16:20:13.365 [info] > git rev-parse --show-toplevel [1ms]
2023-06-28 16:20:13.365 [info] fatal: not a git repository (or any of the parent directories): .git
2023-06-28 16:22:38.137 [info] > git rev-parse --show-toplevel [3ms]
2023-06-28 16:22:38.137 [info] fatal: not a git repository (or any of the parent directories): .git
2023-06-28 16:22:40.074 [info] > git rev-parse --show-toplevel [2ms]
2023-06-28 16:22:40.074 [info] fatal: not a git repository (or any of the parent directories): .git
2023-06-28 16:22:42.324 [info] > git rev-parse --show-toplevel [2ms]
2023-06-28 16:22:42.324 [info] fatal: not a git repository (or any of the parent directories): .git
2023-06-28 16:22:43.946 [info] > git rev-parse --show-toplevel [3ms]
2023-06-28 16:22:43.946 [info] fatal: not a git repository (or any of the parent directories): .git
2023-06-28 16:22:49.255 [info] > git rev-parse --show-toplevel [11ms]
2023-06-28 16:22:49.255 [info] fatal: not a git repository (or any of the parent directories): .git
2023-06-28 16:23:17.116 [info] > git rev-parse --show-toplevel [4ms]
2023-06-28 16:23:17.116 [info] fatal: not a git repository (or any of the parent directories): .git
2023-06-28 16:28:55.192 [info] > git rev-parse --show-toplevel [3ms]
2023-06-28 16:28:55.192 [info] fatal: not a git repository (or any of the parent directories): .git
2023-06-28 16:28:58.431 [info] > git rev-parse --show-toplevel [5ms]
2023-06-28 16:28:58.431 [info] fatal: not a git repository (or any of the parent directories): .git
2023-06-28 16:30:34.743 [info] > git rev-parse --show-toplevel [2ms]
2023-06-28 16:30:34.743 [info] fatal: not a git repository (or any of the parent directories): .git
2023-06-28 17:45:31.175 [info] > git rev-parse --show-toplevel [2ms]
2023-06-28 17:45:31.175 [info] fatal: not a git repository (or any of the parent directories): .git
2023-06-28 17:45:31.292 [info] > git rev-parse --show-toplevel [3ms]
2023-06-28 17:45:31.292 [info] fatal: not a git repository (or any of the parent directories): .git
2023-06-28 18:27:03.311 [info] > git rev-parse --show-toplevel [2ms]
2023-06-28 18:27:03.312 [info] fatal: not a git repository (or any of the parent directories): .git
2023-06-28 18:27:08.450 [info] > git rev-parse --show-toplevel [2ms]
2023-06-28 18:27:08.450 [info] fatal: not a git repository (or any of the parent directories): .git
2023-06-28 18:27:10.172 [info] > git rev-parse --show-toplevel [4ms]
2023-06-28 18:27:10.172 [info] fatal: not a git repository (or any of the parent directories): .git
2023-06-28 18:27:13.720 [info] > git rev-parse --show-toplevel [2ms]
2023-06-28 18:27:13.720 [info] fatal: not a git repository (or any of the parent directories): .git
