2023-06-30 16:08:45.987 [info] Log level: Info
2023-06-30 16:08:45.987 [info] Validating found git in: "git"
2023-06-30 16:08:45.987 [info] Using git "2.25.1" from "git"
2023-06-30 16:08:45.987 [info] > git rev-parse --show-toplevel [58ms]
2023-06-30 16:08:45.988 [info] fatal: not a git repository (or any of the parent directories): .git
2023-06-30 16:08:45.988 [info] > git rev-parse --show-toplevel [11ms]
2023-06-30 16:08:45.988 [info] fatal: not a git repository (or any of the parent directories): .git
2023-06-30 16:08:45.988 [info] > git rev-parse --show-toplevel [19ms]
2023-06-30 16:08:45.988 [info] fatal: not a git repository (or any of the parent directories): .git
2023-06-30 16:08:45.988 [info] > git rev-parse --show-toplevel [6ms]
2023-06-30 16:08:45.989 [info] fatal: not a git repository (or any of the parent directories): .git
2023-06-30 16:08:45.989 [info] > git rev-parse --show-toplevel [63ms]
2023-06-30 16:08:45.989 [info] fatal: not a git repository (or any of the parent directories): .git
2023-06-30 16:08:45.989 [info] > git rev-parse --show-toplevel [59ms]
2023-06-30 16:08:45.989 [info] fatal: not a git repository (or any of the parent directories): .git
2023-06-30 16:08:45.989 [info] > git rev-parse --show-toplevel [13ms]
2023-06-30 16:08:45.989 [info] fatal: not a git repository (or any of the parent directories): .git
2023-06-30 16:08:45.990 [info] > git rev-parse --show-toplevel [18ms]
2023-06-30 16:08:45.990 [info] fatal: not a git repository (or any of the parent directories): .git
2023-06-30 16:08:45.990 [info] > git rev-parse --show-toplevel [10ms]
2023-06-30 16:08:45.990 [info] fatal: not a git repository (or any of the parent directories): .git
2023-06-30 16:08:49.644 [info] > git rev-parse --show-toplevel [2ms]
2023-06-30 16:08:49.644 [info] fatal: not a git repository (or any of the parent directories): .git
2023-06-30 16:08:51.969 [info] > git rev-parse --show-toplevel [6ms]
2023-06-30 16:08:51.969 [info] fatal: not a git repository (or any of the parent directories): .git
