2023-06-29 12:23:28.534 [info] Log level: Info
2023-06-29 12:23:28.534 [info] Validating found git in: "git"
2023-06-29 12:23:28.534 [info] Using git "2.25.1" from "git"
2023-06-29 12:23:28.534 [info] > git rev-parse --show-toplevel [11ms]
2023-06-29 12:23:28.534 [info] fatal: not a git repository (or any of the parent directories): .git
2023-06-29 12:23:28.534 [info] > git rev-parse --show-toplevel [13ms]
2023-06-29 12:23:28.534 [info] fatal: not a git repository (or any of the parent directories): .git
2023-06-29 12:23:28.534 [info] > git rev-parse --show-toplevel [15ms]
2023-06-29 12:23:28.534 [info] fatal: not a git repository (or any of the parent directories): .git
2023-06-29 12:23:28.534 [info] > git rev-parse --show-toplevel [2ms]
2023-06-29 12:23:28.534 [info] fatal: not a git repository (or any of the parent directories): .git
2023-06-29 12:23:28.534 [info] > git rev-parse --show-toplevel [16ms]
2023-06-29 12:23:28.534 [info] fatal: not a git repository (or any of the parent directories): .git
2023-06-29 12:23:28.534 [info] > git rev-parse --show-toplevel [61ms]
2023-06-29 12:23:28.534 [info] fatal: not a git repository (or any of the parent directories): .git
2023-06-29 12:23:28.534 [info] > git rev-parse --show-toplevel [2ms]
2023-06-29 12:23:28.534 [info] fatal: not a git repository (or any of the parent directories): .git
2023-06-29 12:23:40.672 [info] > git rev-parse --show-toplevel [1ms]
2023-06-29 12:23:40.672 [info] fatal: not a git repository (or any of the parent directories): .git
2023-06-29 12:23:49.994 [info] > git rev-parse --show-toplevel [3ms]
2023-06-29 12:23:49.995 [info] fatal: not a git repository (or any of the parent directories): .git
2023-06-29 12:23:51.934 [info] > git rev-parse --show-toplevel [2ms]
2023-06-29 12:23:51.934 [info] fatal: not a git repository (or any of the parent directories): .git
2023-06-29 12:23:56.150 [info] > git rev-parse --show-toplevel [4ms]
2023-06-29 12:23:56.151 [info] fatal: not a git repository (or any of the parent directories): .git
2023-06-29 12:23:57.739 [info] > git rev-parse --show-toplevel [20ms]
2023-06-29 12:23:57.743 [info] fatal: not a git repository (or any of the parent directories): .git
2023-06-29 12:23:57.967 [info] > git rev-parse --show-toplevel [1ms]
2023-06-29 12:23:57.967 [info] fatal: not a git repository (or any of the parent directories): .git
2023-06-29 12:23:58.150 [info] > git rev-parse --show-toplevel [2ms]
2023-06-29 12:23:58.150 [info] fatal: not a git repository (or any of the parent directories): .git
2023-06-29 12:23:58.156 [info] > git rev-parse --show-toplevel [1ms]
2023-06-29 12:23:58.156 [info] fatal: not a git repository (or any of the parent directories): .git
2023-06-29 12:23:58.312 [info] > git rev-parse --show-toplevel [1ms]
2023-06-29 12:23:58.312 [info] fatal: not a git repository (or any of the parent directories): .git
2023-06-29 12:23:58.854 [info] > git rev-parse --show-toplevel [1ms]
2023-06-29 12:23:58.854 [info] fatal: not a git repository (or any of the parent directories): .git
2023-06-29 12:23:58.860 [info] > git rev-parse --show-toplevel [1ms]
2023-06-29 12:23:58.860 [info] fatal: not a git repository (or any of the parent directories): .git
2023-06-29 12:23:58.954 [info] > git rev-parse --show-toplevel [3ms]
2023-06-29 12:23:58.954 [info] fatal: not a git repository (or any of the parent directories): .git
2023-06-29 12:24:00.784 [info] > git rev-parse --show-toplevel [2ms]
2023-06-29 12:24:00.784 [info] fatal: not a git repository (or any of the parent directories): .git
2023-06-29 12:24:00.790 [info] > git rev-parse --show-toplevel [1ms]
2023-06-29 12:24:00.790 [info] fatal: not a git repository (or any of the parent directories): .git
2023-06-29 12:24:00.797 [info] > git rev-parse --show-toplevel [3ms]
2023-06-29 12:24:00.797 [info] fatal: not a git repository (or any of the parent directories): .git
2023-06-29 12:24:00.803 [info] > git rev-parse --show-toplevel [2ms]
2023-06-29 12:24:00.803 [info] fatal: not a git repository (or any of the parent directories): .git
2023-06-29 12:26:31.148 [info] > git rev-parse --show-toplevel [7ms]
2023-06-29 12:26:31.165 [info] fatal: not a git repository (or any of the parent directories): .git
2023-06-29 12:26:44.817 [info] > git rev-parse --show-toplevel [7ms]
2023-06-29 12:26:44.818 [info] fatal: not a git repository (or any of the parent directories): .git
2023-06-29 12:26:50.109 [info] > git rev-parse --show-toplevel [3ms]
2023-06-29 12:26:50.109 [info] fatal: not a git repository (or any of the parent directories): .git
2023-06-29 12:34:17.976 [info] > git rev-parse --show-toplevel [1ms]
2023-06-29 12:34:17.976 [info] fatal: not a git repository (or any of the parent directories): .git
2023-06-29 12:37:45.237 [info] > git rev-parse --show-toplevel [3ms]
2023-06-29 12:37:45.237 [info] fatal: not a git repository (or any of the parent directories): .git
2023-06-29 12:38:19.696 [info] > git rev-parse --show-toplevel [1ms]
2023-06-29 12:38:19.697 [info] fatal: not a git repository (or any of the parent directories): .git
2023-06-29 12:38:23.738 [info] > git rev-parse --show-toplevel [2ms]
2023-06-29 12:38:23.739 [info] fatal: not a git repository (or any of the parent directories): .git
2023-06-29 12:40:02.238 [info] > git rev-parse --show-toplevel [2ms]
2023-06-29 12:40:02.239 [info] fatal: not a git repository (or any of the parent directories): .git
2023-06-29 12:40:55.463 [info] > git rev-parse --show-toplevel [3ms]
2023-06-29 12:40:55.463 [info] fatal: not a git repository (or any of the parent directories): .git
2023-06-29 12:40:59.698 [info] > git rev-parse --show-toplevel [2ms]
2023-06-29 12:40:59.698 [info] fatal: not a git repository (or any of the parent directories): .git
2023-06-29 12:41:14.058 [info] > git rev-parse --show-toplevel [2ms]
2023-06-29 12:41:14.058 [info] fatal: not a git repository (or any of the parent directories): .git
2023-06-29 12:41:16.548 [info] > git rev-parse --show-toplevel [3ms]
2023-06-29 12:41:16.549 [info] fatal: not a git repository (or any of the parent directories): .git
2023-06-29 12:41:32.553 [info] > git rev-parse --show-toplevel [3ms]
2023-06-29 12:41:32.554 [info] fatal: not a git repository (or any of the parent directories): .git
