2023-06-30 11:59:09.414 [info] Log level: Info
2023-06-30 11:59:09.414 [info] Validating found git in: "git"
2023-06-30 11:59:09.414 [info] Using git "2.25.1" from "git"
2023-06-30 11:59:09.414 [info] > git rev-parse --show-toplevel [20ms]
2023-06-30 11:59:09.414 [info] fatal: not a git repository (or any of the parent directories): .git
2023-06-30 11:59:09.414 [info] > git rev-parse --show-toplevel [12ms]
2023-06-30 11:59:09.414 [info] fatal: not a git repository (or any of the parent directories): .git
2023-06-30 11:59:09.415 [info] > git rev-parse --show-toplevel [29ms]
2023-06-30 11:59:09.415 [info] fatal: not a git repository (or any of the parent directories): .git
2023-06-30 11:59:09.415 [info] > git rev-parse --show-toplevel [6ms]
2023-06-30 11:59:09.415 [info] fatal: not a git repository (or any of the parent directories): .git
2023-06-30 11:59:09.415 [info] > git rev-parse --show-toplevel [0ms]
2023-06-30 11:59:09.415 [info] fatal: not a git repository (or any of the parent directories): .git
2023-06-30 11:59:09.415 [info] > git rev-parse --show-toplevel [7ms]
2023-06-30 11:59:09.415 [info] fatal: not a git repository (or any of the parent directories): .git
2023-06-30 11:59:09.415 [info] > git rev-parse --show-toplevel [31ms]
2023-06-30 11:59:09.415 [info] fatal: not a git repository (or any of the parent directories): .git
2023-06-30 11:59:09.415 [info] > git rev-parse --show-toplevel [50ms]
2023-06-30 11:59:09.415 [info] fatal: not a git repository (or any of the parent directories): .git
2023-06-30 11:59:13.367 [info] > git rev-parse --show-toplevel [9ms]
2023-06-30 11:59:13.369 [info] fatal: not a git repository (or any of the parent directories): .git
2023-06-30 11:59:18.018 [info] > git rev-parse --show-toplevel [2ms]
2023-06-30 11:59:18.018 [info] fatal: not a git repository (or any of the parent directories): .git
2023-06-30 11:59:20.381 [info] > git rev-parse --show-toplevel [2ms]
2023-06-30 11:59:20.381 [info] fatal: not a git repository (or any of the parent directories): .git
2023-06-30 11:59:22.248 [info] > git rev-parse --show-toplevel [18ms]
2023-06-30 11:59:22.248 [info] fatal: not a git repository (or any of the parent directories): .git
2023-06-30 11:59:26.383 [info] > git rev-parse --show-toplevel [11ms]
2023-06-30 11:59:26.384 [info] fatal: not a git repository (or any of the parent directories): .git
2023-06-30 12:00:34.651 [info] > git rev-parse --show-toplevel [1ms]
2023-06-30 12:00:34.651 [info] fatal: not a git repository (or any of the parent directories): .git
2023-06-30 12:00:36.875 [info] > git rev-parse --show-toplevel [3ms]
2023-06-30 12:00:36.875 [info] fatal: not a git repository (or any of the parent directories): .git
2023-06-30 12:00:39.052 [info] > git rev-parse --show-toplevel [2ms]
2023-06-30 12:00:39.053 [info] fatal: not a git repository (or any of the parent directories): .git
2023-06-30 12:00:40.897 [info] > git rev-parse --show-toplevel [3ms]
2023-06-30 12:00:40.897 [info] fatal: not a git repository (or any of the parent directories): .git
2023-06-30 12:01:16.017 [info] > git rev-parse --show-toplevel [1ms]
2023-06-30 12:01:16.017 [info] fatal: not a git repository (or any of the parent directories): .git
2023-06-30 12:01:21.373 [info] > git rev-parse --show-toplevel [1ms]
2023-06-30 12:01:21.373 [info] fatal: not a git repository (or any of the parent directories): .git
2023-06-30 12:27:26.960 [info] > git rev-parse --show-toplevel [1ms]
2023-06-30 12:27:26.960 [info] fatal: not a git repository (or any of the parent directories): .git
2023-06-30 12:27:30.181 [info] > git rev-parse --show-toplevel [3ms]
2023-06-30 12:27:30.181 [info] fatal: not a git repository (or any of the parent directories): .git
2023-06-30 12:27:34.126 [info] > git rev-parse --show-toplevel [2ms]
2023-06-30 12:27:34.126 [info] fatal: not a git repository (or any of the parent directories): .git
2023-06-30 12:27:35.484 [info] > git rev-parse --show-toplevel [11ms]
2023-06-30 12:27:35.486 [info] fatal: not a git repository (or any of the parent directories): .git
2023-06-30 12:28:46.740 [info] > git rev-parse --show-toplevel [2ms]
2023-06-30 12:28:46.740 [info] fatal: not a git repository (or any of the parent directories): .git
2023-06-30 12:36:39.194 [info] > git rev-parse --show-toplevel [1ms]
2023-06-30 12:36:39.195 [info] fatal: not a git repository (or any of the parent directories): .git
2023-06-30 12:36:41.475 [info] > git rev-parse --show-toplevel [2ms]
2023-06-30 12:36:41.475 [info] fatal: not a git repository (or any of the parent directories): .git
2023-06-30 12:36:45.066 [info] > git rev-parse --show-toplevel [2ms]
2023-06-30 12:36:45.066 [info] fatal: not a git repository (or any of the parent directories): .git
2023-06-30 12:37:44.842 [info] > git rev-parse --show-toplevel [1ms]
2023-06-30 12:37:44.842 [info] fatal: not a git repository (or any of the parent directories): .git
2023-06-30 12:38:07.143 [info] > git rev-parse --show-toplevel [1ms]
2023-06-30 12:38:07.143 [info] fatal: not a git repository (or any of the parent directories): .git
2023-06-30 12:38:19.368 [info] > git rev-parse --show-toplevel [1ms]
2023-06-30 12:38:19.368 [info] fatal: not a git repository (or any of the parent directories): .git
2023-06-30 12:38:40.404 [info] > git rev-parse --show-toplevel [1ms]
2023-06-30 12:38:40.404 [info] fatal: not a git repository (or any of the parent directories): .git
2023-06-30 12:38:49.083 [info] > git rev-parse --show-toplevel [2ms]
2023-06-30 12:38:49.083 [info] fatal: not a git repository (or any of the parent directories): .git
2023-06-30 12:38:56.203 [info] > git rev-parse --show-toplevel [2ms]
2023-06-30 12:38:56.203 [info] fatal: not a git repository (or any of the parent directories): .git
2023-06-30 12:38:57.983 [info] > git rev-parse --show-toplevel [2ms]
2023-06-30 12:38:57.983 [info] fatal: not a git repository (or any of the parent directories): .git
2023-06-30 12:39:03.363 [info] > git rev-parse --show-toplevel [1ms]
2023-06-30 12:39:03.364 [info] fatal: not a git repository (or any of the parent directories): .git
2023-06-30 12:39:46.323 [info] > git rev-parse --show-toplevel [2ms]
2023-06-30 12:39:46.324 [info] fatal: not a git repository (or any of the parent directories): .git
2023-06-30 12:41:30.547 [info] > git rev-parse --show-toplevel [2ms]
2023-06-30 12:41:30.547 [info] fatal: not a git repository (or any of the parent directories): .git
2023-06-30 12:41:31.986 [info] > git rev-parse --show-toplevel [2ms]
2023-06-30 12:41:31.987 [info] fatal: not a git repository (or any of the parent directories): .git
2023-06-30 12:41:33.247 [info] > git rev-parse --show-toplevel [1ms]
2023-06-30 12:41:33.248 [info] fatal: not a git repository (or any of the parent directories): .git
2023-06-30 12:41:34.590 [info] > git rev-parse --show-toplevel [3ms]
2023-06-30 12:41:34.590 [info] fatal: not a git repository (or any of the parent directories): .git
