2023-06-28 10:17:39.260 [info] Extension host with pid 60963 started
2023-06-28 10:17:39.263 [error] Error: EEXIST: file already exists, open '/home/azureuser/.vscode-server/data/User/workspaceStorage/94e6ae73b6785756957529b0116acdc7/vscode.lock'
2023-06-28 10:17:39.267 [info] Lock '/home/azureuser/.vscode-server/data/User/workspaceStorage/94e6ae73b6785756957529b0116acdc7/vscode.lock': Could not acquire lock, checking if the file is stale.
2023-06-28 10:17:39.278 [info] Lock '/home/azureuser/.vscode-server/data/User/workspaceStorage/94e6ae73b6785756957529b0116acdc7/vscode.lock': The lock does not look stale, elapsed: 880 ms, giving up.
2023-06-28 10:17:39.279 [error] Error: EEXIST: file already exists, open '/home/azureuser/.vscode-server/data/User/workspaceStorage/94e6ae73b6785756957529b0116acdc7-1/vscode.lock'
2023-06-28 10:17:39.279 [info] Lock '/home/azureuser/.vscode-server/data/User/workspaceStorage/94e6ae73b6785756957529b0116acdc7-1/vscode.lock': Could not acquire lock, checking if the file is stale.
2023-06-28 10:17:39.280 [info] Lock '/home/azureuser/.vscode-server/data/User/workspaceStorage/94e6ae73b6785756957529b0116acdc7-1/vscode.lock': The lock does not look stale, elapsed: 170 ms, giving up.
2023-06-28 10:17:39.292 [info] Lock '/home/azureuser/.vscode-server/data/User/workspaceStorage/94e6ae73b6785756957529b0116acdc7-2/vscode.lock': Lock acquired.
2023-06-28 10:17:39.902 [info] ExtensionService#_doActivateExtension vscode.typescript-language-features, startup: false, activationEvent: 'onLanguage:javascript'
2023-06-28 10:17:39.903 [info] ExtensionService#_doActivateExtension vscode.emmet, startup: false, activationEvent: 'onLanguage'
2023-06-28 10:17:40.295 [info] ExtensionService#_doActivateExtension vscode.git-base, startup: true, activationEvent: '*', root cause: vscode.git
2023-06-28 10:17:40.309 [info] ExtensionService#_doActivateExtension vscode.npm, startup: true, activationEvent: 'workspaceContains:package.json'
2023-06-28 10:17:40.630 [info] ExtensionService#_doActivateExtension vscode.git, startup: true, activationEvent: '*'
2023-06-28 10:17:40.630 [info] ExtensionService#_doActivateExtension vscode.github, startup: true, activationEvent: '*'
2023-06-28 10:17:42.717 [info] Eager extensions activated
2023-06-28 10:17:42.718 [info] ExtensionService#_doActivateExtension vscode.debug-auto-launch, startup: false, activationEvent: 'onStartupFinished'
2023-06-28 10:17:42.719 [info] ExtensionService#_doActivateExtension vscode.merge-conflict, startup: false, activationEvent: 'onStartupFinished'
2023-06-28 12:26:40.405 [info] Extension host terminating: renderer disconnected for too long (2)
2023-06-28 12:26:40.405 [info] Lock '/home/azureuser/.vscode-server/data/User/workspaceStorage/94e6ae73b6785756957529b0116acdc7-2/vscode.lock': Marking the lockfile as scheduled to be released in 6000 ms.
2023-06-28 12:26:40.422 [info] Extension host with pid 60963 exiting with code 0
