2023-06-29 11:14:43.545 [info] Log level: Info
2023-06-29 11:14:43.545 [info] Validating found git in: "git"
2023-06-29 11:14:43.545 [info] Using git "2.25.1" from "git"
2023-06-29 11:14:43.546 [info] > git rev-parse --show-toplevel [9ms]
2023-06-29 11:14:43.546 [info] fatal: not a git repository (or any of the parent directories): .git
2023-06-29 11:14:43.546 [info] > git rev-parse --show-toplevel [12ms]
2023-06-29 11:14:43.546 [info] fatal: not a git repository (or any of the parent directories): .git
2023-06-29 11:14:43.546 [info] > git rev-parse --show-toplevel [10ms]
2023-06-29 11:14:43.546 [info] fatal: not a git repository (or any of the parent directories): .git
2023-06-29 11:14:43.547 [info] > git rev-parse --show-toplevel [20ms]
2023-06-29 11:14:43.547 [info] fatal: not a git repository (or any of the parent directories): .git
2023-06-29 11:14:43.547 [info] > git rev-parse --show-toplevel [9ms]
2023-06-29 11:14:43.547 [info] fatal: not a git repository (or any of the parent directories): .git
2023-06-29 11:14:43.547 [info] > git rev-parse --show-toplevel [10ms]
2023-06-29 11:14:43.547 [info] fatal: not a git repository (or any of the parent directories): .git
2023-06-29 11:14:43.548 [info] > git rev-parse --show-toplevel [15ms]
2023-06-29 11:14:43.548 [info] fatal: not a git repository (or any of the parent directories): .git
2023-06-29 11:14:43.715 [info] > git rev-parse --show-toplevel [14ms]
2023-06-29 11:14:43.715 [info] fatal: not a git repository (or any of the parent directories): .git
2023-06-29 11:14:45.080 [info] > git rev-parse --show-toplevel [10ms]
2023-06-29 11:14:45.080 [info] fatal: not a git repository (or any of the parent directories): .git
2023-06-29 11:14:46.706 [info] > git rev-parse --show-toplevel [13ms]
2023-06-29 11:14:46.706 [info] fatal: not a git repository (or any of the parent directories): .git
2023-06-29 11:14:48.450 [info] > git rev-parse --show-toplevel [8ms]
2023-06-29 11:14:48.450 [info] fatal: not a git repository (or any of the parent directories): .git
2023-06-29 11:14:49.376 [info] > git rev-parse --show-toplevel [2ms]
2023-06-29 11:14:49.376 [info] fatal: not a git repository (or any of the parent directories): .git
2023-06-29 11:14:50.640 [info] > git rev-parse --show-toplevel [8ms]
2023-06-29 11:14:50.640 [info] fatal: not a git repository (or any of the parent directories): .git
2023-06-29 11:14:51.945 [info] > git rev-parse --show-toplevel [4ms]
2023-06-29 11:14:51.945 [info] fatal: not a git repository (or any of the parent directories): .git
2023-06-29 11:16:25.337 [info] > git rev-parse --show-toplevel [2ms]
2023-06-29 11:16:25.337 [info] fatal: not a git repository (or any of the parent directories): .git
2023-06-29 11:16:25.343 [info] > git rev-parse --show-toplevel [1ms]
2023-06-29 11:16:25.343 [info] fatal: not a git repository (or any of the parent directories): .git
2023-06-29 11:17:29.477 [info] > git rev-parse --show-toplevel [3ms]
2023-06-29 11:17:29.477 [info] fatal: not a git repository (or any of the parent directories): .git
2023-06-29 11:18:27.725 [info] > git rev-parse --show-toplevel [1ms]
2023-06-29 11:18:27.726 [info] fatal: not a git repository (or any of the parent directories): .git
2023-06-29 11:18:29.755 [info] > git rev-parse --show-toplevel [2ms]
2023-06-29 11:18:29.755 [info] fatal: not a git repository (or any of the parent directories): .git
2023-06-29 11:18:37.796 [info] > git rev-parse --show-toplevel [1ms]
2023-06-29 11:18:37.796 [info] fatal: not a git repository (or any of the parent directories): .git
2023-06-29 11:18:49.518 [info] > git rev-parse --show-toplevel [3ms]
2023-06-29 11:18:49.519 [info] fatal: not a git repository (or any of the parent directories): .git
2023-06-29 11:21:11.917 [info] > git rev-parse --show-toplevel [2ms]
2023-06-29 11:21:11.917 [info] fatal: not a git repository (or any of the parent directories): .git
2023-06-29 11:22:25.256 [info] > git rev-parse --show-toplevel [2ms]
2023-06-29 11:22:25.256 [info] fatal: not a git repository (or any of the parent directories): .git
2023-06-29 11:22:26.855 [info] > git rev-parse --show-toplevel [1ms]
2023-06-29 11:22:26.855 [info] fatal: not a git repository (or any of the parent directories): .git
2023-06-29 11:22:28.317 [info] > git rev-parse --show-toplevel [3ms]
2023-06-29 11:22:28.317 [info] fatal: not a git repository (or any of the parent directories): .git
2023-06-29 11:22:30.076 [info] > git rev-parse --show-toplevel [2ms]
2023-06-29 11:22:30.076 [info] fatal: not a git repository (or any of the parent directories): .git
2023-06-29 11:23:22.648 [info] > git rev-parse --show-toplevel [5ms]
2023-06-29 11:23:22.648 [info] fatal: not a git repository (or any of the parent directories): .git
2023-06-29 11:23:24.226 [info] > git rev-parse --show-toplevel [2ms]
2023-06-29 11:23:24.226 [info] fatal: not a git repository (or any of the parent directories): .git
2023-06-29 11:27:35.714 [info] > git rev-parse --show-toplevel [1ms]
2023-06-29 11:27:35.714 [info] fatal: not a git repository (or any of the parent directories): .git
2023-06-29 11:27:59.234 [info] > git rev-parse --show-toplevel [1ms]
2023-06-29 11:27:59.234 [info] fatal: not a git repository (or any of the parent directories): .git
2023-06-29 11:28:39.293 [info] > git rev-parse --show-toplevel [2ms]
2023-06-29 11:28:39.293 [info] fatal: not a git repository (or any of the parent directories): .git
2023-06-29 11:29:33.834 [info] > git rev-parse --show-toplevel [1ms]
2023-06-29 11:29:33.835 [info] fatal: not a git repository (or any of the parent directories): .git
2023-06-29 11:29:45.596 [info] > git rev-parse --show-toplevel [2ms]
2023-06-29 11:29:45.596 [info] fatal: not a git repository (or any of the parent directories): .git
2023-06-29 11:33:49.315 [info] > git rev-parse --show-toplevel [1ms]
2023-06-29 11:33:49.315 [info] fatal: not a git repository (or any of the parent directories): .git
2023-06-29 11:43:21.074 [info] > git rev-parse --show-toplevel [1ms]
2023-06-29 11:43:21.074 [info] fatal: not a git repository (or any of the parent directories): .git
2023-06-29 11:44:32.410 [info] > git rev-parse --show-toplevel [4ms]
2023-06-29 11:44:32.410 [info] fatal: not a git repository (or any of the parent directories): .git
2023-06-29 11:46:01.454 [info] > git rev-parse --show-toplevel [1ms]
2023-06-29 11:46:01.454 [info] fatal: not a git repository (or any of the parent directories): .git
2023-06-29 12:09:34.070 [info] > git rev-parse --show-toplevel [2ms]
2023-06-29 12:09:34.071 [info] fatal: not a git repository (or any of the parent directories): .git
2023-06-29 12:11:06.083 [info] > git rev-parse --show-toplevel [2ms]
2023-06-29 12:11:06.083 [info] fatal: not a git repository (or any of the parent directories): .git
